<?xml version="1.0" encoding="UTF-8"?>
<!-- Generated by org.testng.reporters.JUnitReportReporter -->
<testsuite hostname="LTIN513327" failures="0" tests="3" name="runner.RunCucumberTest" time="35.837" errors="0" timestamp="2024-11-09T12:49:19 IST" skipped="0">
  <testcase classname="runner.RunCucumberTest" name="runScenario" time="4.781"/>
  <testcase classname="runner.RunCucumberTest" name="runScenario" time="17.101"/>
  <testcase classname="runner.RunCucumberTest" name="runScenario" time="13.955"/>
</testsuite> <!-- runner.RunCucumberTest -->
