<?xml version="1.0" encoding="UTF-8"?>
<!-- Generated by org.testng.reporters.JUnitReportReporter -->
<testsuite hostname="LTIN513327" failures="0" tests="6" name="runner.RunCucumberTest" time="293.401" errors="0" timestamp="2024-11-09T11:09:33 IST" skipped="0">
  <testcase classname="runner.RunCucumberTest" name="runScenario" time="7.360"/>
  <testcase classname="runner.RunCucumberTest" name="runScenario" time="151.016"/>
  <testcase classname="runner.RunCucumberTest" name="runScenario" time="73.248"/>
  <testcase classname="runner.RunCucumberTest" name="runScenario" time="30.737"/>
  <testcase classname="runner.RunCucumberTest" name="runScenario" time="6.192"/>
  <testcase classname="runner.RunCucumberTest" name="runScenario" time="24.848"/>
</testsuite> <!-- runner.RunCucumberTest -->
